INFO:botocore.credentials:Found credentials in shared credentials file: ~/.aws/credentials
INFO:botocore.credentials:Found credentials in shared credentials file: ~/.aws/credentials
INFO:botocore.credentials:Found credentials in shared credentials file: ~/.aws/credentials
INFO:botocore.credentials:Found credentials in shared credentials file: ~/.aws/credentials
INFO:botocore.credentials:Found credentials in shared credentials file: ~/.aws/credentials
INFO:botocore.credentials:Found credentials in shared credentials file: ~/.aws/credentials
INFO:root:Processing create request test-request for widget 8123f304-f23f-440b-a6d3-80e979fa4cd6 at 2021-03-13 00:57:40.538735
INFO:botocore.credentials:Found credentials in shared credentials file: ~/.aws/credentials
INFO:root:Processing create request test-request at 2021-03-13 01:00:10.178579
INFO:botocore.credentials:Found credentials in shared credentials file: ~/.aws/credentials
INFO:root:Processing create request test-request at 2021-03-13 01:01:58.989983
INFO:botocore.credentials:Found credentials in shared credentials file: ~/.aws/credentials
INFO:root:Processing create request test-request at 2021-03-13 01:04:00.924310
INFO:botocore.credentials:Found credentials in shared credentials file: ~/.aws/credentials
INFO:root:Processing create request test-request at 2021-03-13 01:05:30.977682
INFO:root:Processing widget 8123f304-f23f-440b-a6d3-80e979fa4cd6 at 2021-03-13 01:05:31.069777
INFO:botocore.credentials:Found credentials in shared credentials file: ~/.aws/credentials
INFO:root:Processing create request test-request at 2021-03-13 01:06:57.204354
INFO:root:Processing widget 8123f304-f23f-440b-a6d3-80e979fa4cd6 at 2021-03-13 01:06:57.992836
INFO:root:Processing create request test-request at 2021-03-13 01:06:59.532874
INFO:root:Processing create request test-request at 2021-03-13 01:07:00.775864
INFO:root:Processing widget 8123f304-f23f-440b-a6d3-80e979fa4cd6 at 2021-03-13 01:07:00.862569
INFO:botocore.credentials:Found credentials in shared credentials file: ~/.aws/credentials
INFO:root:Processing create request 1615683237501 at 2021-03-13 17:54:56.176149
INFO:root:Processing widget 5c124975-eeeb-4f0e-8793-1e3177f96029 at 2021-03-13 17:54:56.271774
INFO:root:Processing create request 1615683238429 at 2021-03-13 17:54:56.906726
INFO:root:Processing widget 4a72918c-cc40-4e6b-b0fe-8002c67a9a89 at 2021-03-13 17:54:56.995261
INFO:root:Processing create request 1615683238630 at 2021-03-13 17:54:57.313166
INFO:root:Processing widget 71b2d39d-18ae-45ff-9e17-1e31ed3eed75 at 2021-03-13 17:54:57.405355
INFO:root:Processing create request 1615683238795 at 2021-03-13 17:54:57.809399
INFO:root:Processing widget f2158513-a6c5-44cb-9280-15cd356cbf99 at 2021-03-13 17:54:57.900111
INFO:root:Processing create request 1615683238952 at 2021-03-13 17:54:58.275163
INFO:root:Processing widget 3b714795-da38-4001-ac7b-511d08e939c6 at 2021-03-13 17:54:58.364024
INFO:root:Processing create request 1615683239111 at 2021-03-13 17:54:58.702686
INFO:root:Processing widget b9398c01-24af-4577-8a94-82a9822a960d at 2021-03-13 17:54:58.792637
INFO:root:Processing create request 1615683239269 at 2021-03-13 17:54:59.144371
INFO:root:Processing widget 5d54ec07-5877-4a40-b507-b88e88108694 at 2021-03-13 17:54:59.231151
INFO:root:Processing create request 1615683239435 at 2021-03-13 17:54:59.568691
INFO:root:Processing widget d09ab802-6755-4c57-aaad-6c5e1423bbc0 at 2021-03-13 17:54:59.670812
INFO:root:Processing create request 1615683239596 at 2021-03-13 17:55:00.004266
INFO:root:Processing widget 49245f63-1e9b-457c-8f90-7e498e358587 at 2021-03-13 17:55:00.098595
INFO:root:Processing create request 1615683239756 at 2021-03-13 17:55:00.448499
INFO:root:Processing widget bac561cb-c669-4232-a5a0-ceb386390f66 at 2021-03-13 17:55:00.550916
INFO:root:Processing create request 1615683239941 at 2021-03-13 17:55:00.883454
INFO:root:Processing widget 0db21532-5def-4970-8799-b529c40c2633 at 2021-03-13 17:55:00.969092
INFO:root:Processing create request 1615683240123 at 2021-03-13 17:55:01.467705
INFO:root:Processing widget 52c23e0f-f821-44af-8669-81336e8c1104 at 2021-03-13 17:55:01.556633
INFO:root:Processing create request 1615683240288 at 2021-03-13 17:55:01.892962
INFO:root:Processing create request 1615683240551 at 2021-03-13 17:55:02.157013
INFO:root:Processing create request 1615683240820 at 2021-03-13 17:55:02.411719
INFO:root:Processing create request 1615683241091 at 2021-03-13 17:55:02.659729
INFO:root:Processing create request 1615683241381 at 2021-03-13 17:55:02.960001
INFO:root:Processing create request 1615683241648 at 2021-03-13 17:55:03.276269
INFO:root:Processing widget ff2db11e-9c2a-4d04-b683-a8a6876acab5 at 2021-03-13 17:55:03.362938
INFO:root:Processing create request 1615683241893 at 2021-03-13 17:55:03.715505
INFO:root:Processing create request 1615683242159 at 2021-03-13 17:55:04.026912
INFO:root:Processing widget eeb84d3a-6fbe-4b97-bc92-3eaf2a6abd84 at 2021-03-13 17:55:04.119890
INFO:root:Processing create request 1615683242323 at 2021-03-13 17:55:04.435793
INFO:root:Processing create request 1615683242579 at 2021-03-13 17:55:04.701421
INFO:root:Processing widget 5c46550b-b852-4596-a145-82a2210e1052 at 2021-03-13 17:55:04.793867
INFO:root:Processing create request 1615683242751 at 2021-03-13 17:55:05.120365
INFO:root:Processing create request 1615683243021 at 2021-03-13 17:55:05.390946
INFO:root:Processing create request 1615683243288 at 2021-03-13 17:55:05.676237
INFO:root:Processing widget 96675967-c440-4c74-8655-58629d84e28b at 2021-03-13 17:55:05.775189
INFO:root:Processing create request 1615683243452 at 2021-03-13 17:55:06.111009
INFO:root:Processing widget 8b223ac7-580b-45a4-a679-a9ab2da62cfb at 2021-03-13 17:55:06.200319
INFO:root:Processing create request 1615683243616 at 2021-03-13 17:55:06.541147
INFO:root:Processing create request 1615683243878 at 2021-03-13 17:55:06.807126
INFO:root:Processing create request 1615683244139 at 2021-03-13 17:55:07.062756
INFO:root:Processing widget 87fc55a4-0cd9-47f8-a9e6-780572a9e64a at 2021-03-13 17:55:07.170785
INFO:root:Processing create request 1615683244310 at 2021-03-13 17:55:07.505117
INFO:root:Processing widget 9f6fb7ec-28fc-4e05-a504-fe5f94567e7b at 2021-03-13 17:55:07.591960
INFO:root:Processing create request 1615683244476 at 2021-03-13 17:55:07.948132
INFO:root:Processing create request 1615683244739 at 2021-03-13 17:55:08.222256
INFO:root:Processing widget b1217e5b-e22b-4cd6-9f5b-9944b92eef62 at 2021-03-13 17:55:08.309572
INFO:root:Processing create request 1615683244899 at 2021-03-13 17:55:08.646078
INFO:root:Processing widget 8a0090cb-4db6-403d-8bb4-1f68100d15ee at 2021-03-13 17:55:08.735981
INFO:root:Processing create request 1615683245061 at 2021-03-13 17:55:09.331037
INFO:root:Processing widget e87af58a-9788-47c0-9911-f4a487351ec1 at 2021-03-13 17:55:09.424829
INFO:root:Processing create request 1615683245228 at 2021-03-13 17:55:09.796671
INFO:root:Processing widget 08ef54ef-8bc9-424e-b25c-298fe228d1f1 at 2021-03-13 17:55:09.888753
INFO:root:Processing create request 1615683245388 at 2021-03-13 17:55:10.214735
INFO:root:Processing create request 1615683245655 at 2021-03-13 17:55:10.470842
INFO:root:Processing widget 90f20df2-9334-4dbc-b919-437d9c0b67e9 at 2021-03-13 17:55:10.558268
INFO:root:Processing create request 1615683245815 at 2021-03-13 17:55:10.897313
INFO:root:Processing widget e5b60454-84fc-42a9-9db7-f74fba8d4297 at 2021-03-13 17:55:10.989803
INFO:root:Processing create request 1615683245977 at 2021-03-13 17:55:11.326343
INFO:root:Processing widget a8bb84a8-9752-4a26-a319-b6c6668518b8 at 2021-03-13 17:55:11.413424
INFO:root:Processing create request 1615683246134 at 2021-03-13 17:55:11.768234
INFO:root:Processing widget c887f904-c652-4749-9164-a742527cf65c at 2021-03-13 17:55:11.853160
INFO:root:Processing create request 1615683246299 at 2021-03-13 17:55:12.532783
INFO:root:Processing widget b9223065-aba2-4fb4-b9c1-da180465cdcb at 2021-03-13 17:55:12.676357
INFO:root:Processing create request 1615683246507 at 2021-03-13 17:55:13.003666
INFO:root:Processing create request 1615683246778 at 2021-03-13 17:55:13.257701
INFO:root:Processing create request 1615683247046 at 2021-03-13 17:55:13.550639
INFO:root:Processing create request 1615683247302 at 2021-03-13 17:55:13.823067
INFO:root:Processing create request 1615683247567 at 2021-03-13 17:55:14.124774
INFO:root:Processing widget 1a0a3e6d-84d5-4f16-8492-09bf56c785f2 at 2021-03-13 17:55:14.219575
INFO:root:Processing create request 1615683247744 at 2021-03-13 17:55:14.544464
INFO:root:Processing widget 1f5d69fe-3ee9-4253-baf7-c64c47129eda at 2021-03-13 17:55:14.639758
INFO:root:Processing create request 1615683247908 at 2021-03-13 17:55:14.993073
INFO:root:Processing create request 1615683248166 at 2021-03-13 17:55:15.256544
INFO:root:Processing widget 9d3284eb-c45e-46f3-a658-0bf6f3f74eac at 2021-03-13 17:55:15.347659
INFO:root:Processing create request 1615683248320 at 2021-03-13 17:55:15.805539
INFO:root:Processing create request 1615683248577 at 2021-03-13 17:55:16.119750
INFO:root:Processing create request 1615683248838 at 2021-03-13 17:55:16.422083
INFO:root:Processing widget be7de581-83ac-4a02-91b0-5edff29f524b at 2021-03-13 17:55:16.566331
INFO:root:Processing create request 1615683249002 at 2021-03-13 17:55:16.899717
INFO:root:Processing create request 1615683249334 at 2021-03-13 17:55:17.153012
INFO:root:Processing create request 1615683249597 at 2021-03-13 17:55:17.429534
INFO:root:Processing widget 545516b9-f397-4f4b-8b6b-f8c59cb1f14b at 2021-03-13 17:55:17.523111
INFO:root:Processing create request 1615683249770 at 2021-03-13 17:55:17.927264
INFO:root:Processing widget c40368a9-2d9a-461e-9b35-4c0d9eb43131 at 2021-03-13 17:55:18.013588
INFO:root:Processing create request 1615683249928 at 2021-03-13 17:55:18.339281
INFO:root:Processing widget e0de2642-05ad-4843-908d-fe97d5049b91 at 2021-03-13 17:55:18.434953
INFO:root:Processing create request 1615683250092 at 2021-03-13 17:55:18.765676
INFO:root:Processing widget 5227c5b2-2f87-4346-8ae2-1ebb1c54e161 at 2021-03-13 17:55:18.859685
INFO:root:Processing create request 1615683250249 at 2021-03-13 17:55:19.211643
INFO:root:Processing widget 598800ba-5f84-4547-af6d-0bbaef1e3ad3 at 2021-03-13 17:55:19.296780
INFO:root:Processing create request 1615683250438 at 2021-03-13 17:55:19.622180
INFO:root:Processing create request 1615683250689 at 2021-03-13 17:55:19.903658
INFO:root:Processing widget 89f8b1e8-99c3-4be0-b844-d974510bcb69 at 2021-03-13 17:55:19.993636
INFO:root:Processing create request 1615683250850 at 2021-03-13 17:55:20.322907
INFO:root:Processing widget 68acb5b4-0280-4355-b7d6-21d094c907aa at 2021-03-13 17:55:20.414276
INFO:root:Processing create request 1615683251007 at 2021-03-13 17:55:20.752023
INFO:root:Processing create request 1615683251265 at 2021-03-13 17:55:21.018176
INFO:root:Processing create request 1615683251535 at 2021-03-13 17:55:21.281705
INFO:root:Processing create request 1615683251800 at 2021-03-13 17:55:21.542882
INFO:root:Processing widget 9dba9936-9cc4-4cc8-b3ec-ba0efe690ecb at 2021-03-13 17:55:21.634009
INFO:root:Processing create request 1615683251956 at 2021-03-13 17:55:22.067095
INFO:root:Processing create request 1615683252235 at 2021-03-13 17:55:22.576128
INFO:root:Processing widget 8220b59f-ce39-4e72-9ac7-3f0ed3753f07 at 2021-03-13 17:55:22.665391
INFO:root:Processing create request 1615683252392 at 2021-03-13 17:55:22.987764
INFO:root:Processing widget 233f7643-3a6c-4c84-8d39-c67b99a909dd at 2021-03-13 17:55:23.076758
INFO:root:Processing create request 1615683252579 at 2021-03-13 17:55:23.427893
INFO:root:Processing create request 1615683252841 at 2021-03-13 17:55:23.699245
INFO:root:Processing create request 1615683253137 at 2021-03-13 17:55:24.322731
INFO:root:Processing widget 7befa76b-28ec-4f32-9e00-d650d7e6d091 at 2021-03-13 17:55:24.409746
INFO:root:Processing create request 1615683253301 at 2021-03-13 17:55:24.751000
INFO:root:Processing create request 1615683253556 at 2021-03-13 17:55:25.020608
INFO:root:Processing widget 262f23fb-10da-4415-a77e-15c710cd8a82 at 2021-03-13 17:55:25.107453
INFO:root:Processing create request 1615683253722 at 2021-03-13 17:55:25.445973
INFO:root:Processing widget df949791-194f-4fb0-b1a9-323cfd9833ac at 2021-03-13 17:55:25.540001
INFO:root:Processing create request 1615683253881 at 2021-03-13 17:55:25.865481
INFO:root:Processing widget 8e750852-b858-4d9a-a0cb-fb5cbfe07fc1 at 2021-03-13 17:55:25.951394
INFO:root:Processing create request 1615683254060 at 2021-03-13 17:55:26.277489
INFO:root:Processing widget fd45141c-a830-4ce5-82e7-e780648eda88 at 2021-03-13 17:55:26.390078
INFO:root:Processing create request 1615683254225 at 2021-03-13 17:55:26.723385
INFO:root:Processing create request 1615683254765 at 2021-03-13 17:55:27.003473
INFO:root:Processing create request 1615683255029 at 2021-03-13 17:55:27.268846
INFO:root:Processing create request 1615683255298 at 2021-03-13 17:55:27.570972
INFO:root:Processing widget 9f58a0ba-38d0-4bfb-ae3e-c37b54ea4147 at 2021-03-13 17:55:27.657000
INFO:root:Processing create request 1615683255464 at 2021-03-13 17:55:27.994763
INFO:root:Processing create request 1615683255724 at 2021-03-13 17:55:28.245454
INFO:root:Processing create request 1615683256065 at 2021-03-13 17:55:28.509185
INFO:root:Processing create request 1615683256341 at 2021-03-13 17:55:28.777880
INFO:root:Processing create request 1615683256907 at 2021-03-13 17:55:29.036529
INFO:root:Processing widget 64ec5cbe-1ce9-4a48-bd4b-90d100a64584 at 2021-03-13 17:55:29.126889
INFO:root:Processing create request 1615683257084 at 2021-03-13 17:55:29.479549
INFO:root:Processing create request 1615683257344 at 2021-03-13 17:55:29.744728
INFO:root:Processing widget 3ad78e4c-677d-4ab9-8a62-dab5377956f9 at 2021-03-13 17:55:29.839477
INFO:root:Processing create request 1615683257507 at 2021-03-13 17:55:30.173235
INFO:root:Processing create request 1615683257765 at 2021-03-13 17:55:30.446954
INFO:root:Processing widget 08b15995-287a-4f3b-9628-67ed32b6d838 at 2021-03-13 17:55:30.537647
INFO:root:Processing create request 1615683258223 at 2021-03-13 17:55:30.874135
INFO:root:Processing create request 1615683258485 at 2021-03-13 17:55:31.124812
INFO:root:Processing widget ffa58978-f69b-46c6-a4f9-ffd205230f2c at 2021-03-13 17:55:31.208936
INFO:root:Processing create request 1615683258651 at 2021-03-13 17:55:31.640283
INFO:root:Processing widget a96102f6-5d68-4599-9189-fb010c70e5c3 at 2021-03-13 17:55:31.732497
INFO:root:Processing create request 1615683258806 at 2021-03-13 17:55:32.067551
INFO:root:Processing widget 0542acb4-0c2b-4af3-9610-515d26ec48b2 at 2021-03-13 17:55:32.160593
INFO:root:Processing create request 1615683258969 at 2021-03-13 17:55:32.490574
INFO:root:Processing widget d4af123c-1304-4123-aa62-fc0de2551491 at 2021-03-13 17:55:32.582017
INFO:root:Processing create request 1615683259124 at 2021-03-13 17:55:32.898643
INFO:root:Processing create request 1615683259380 at 2021-03-13 17:55:33.190978
INFO:root:Processing create request 1615683259638 at 2021-03-13 17:55:33.444463
INFO:root:Processing widget f4023c1d-54c0-496a-bcfa-f5a955562b0e at 2021-03-13 17:55:33.532867
INFO:root:Processing create request 1615683259795 at 2021-03-13 17:55:33.856251
INFO:root:Processing create request 1615683260055 at 2021-03-13 17:55:34.121734
INFO:root:Processing widget b8207ae8-56b0-40c2-bb0c-684feb34cc20 at 2021-03-13 17:55:34.207680
INFO:root:Processing create request 1615683260221 at 2021-03-13 17:55:34.789638
INFO:root:Processing create request 1615683260725 at 2021-03-13 17:55:35.055649
INFO:root:Processing widget 42bccc7a-6304-4eb0-983f-db6a74707d2a at 2021-03-13 17:55:35.147315
INFO:root:Processing create request 1615683260884 at 2021-03-13 17:55:35.474226
INFO:root:Processing widget 135474df-7936-418d-951b-56b797764781 at 2021-03-13 17:55:35.561359
INFO:root:Processing create request 1615683261039 at 2021-03-13 17:55:35.916976
INFO:root:Processing create request 1615683261294 at 2021-03-13 17:55:36.182553
INFO:root:Processing widget 5ef5e524-fe9e-4fd8-8be7-cdc1b5dd3836 at 2021-03-13 17:55:36.272321
INFO:root:Processing create request 1615683261455 at 2021-03-13 17:55:36.597212
INFO:root:Processing widget b007f8cf-48d3-4ad9-b435-cba69a19bef6 at 2021-03-13 17:55:36.679339
INFO:root:Processing create request 1615683261617 at 2021-03-13 17:55:37.000224
INFO:root:Processing create request 1615683261875 at 2021-03-13 17:55:37.271963
INFO:botocore.credentials:Found credentials in shared credentials file: ~/.aws/credentials
INFO:root:Processing create request 1615683385816 at 2021-03-13 17:57:05.578658
INFO:root:Processing create request 1615683386676 at 2021-03-13 17:57:06.199198
INFO:root:Processing create request 1615683386848 at 2021-03-13 17:57:06.598063
INFO:root:Processing create request 1615683387084 at 2021-03-13 17:57:06.918420
INFO:root:Processing create request 1615683387259 at 2021-03-13 17:57:07.237761
INFO:root:Processing create request 1615683387425 at 2021-03-13 17:57:07.590058
INFO:root:Processing create request 1615683387593 at 2021-03-13 17:57:07.985321
INFO:root:Processing create request 1615683387869 at 2021-03-13 17:57:08.245825
INFO:root:Processing create request 1615683388042 at 2021-03-13 17:57:08.567974
INFO:root:Processing create request 1615683388205 at 2021-03-13 17:57:08.920064
INFO:root:Processing create request 1615683388369 at 2021-03-13 17:57:09.271153
INFO:root:Processing create request 1615683388530 at 2021-03-13 17:57:09.639607
INFO:root:Processing create request 1615683388796 at 2021-03-13 17:57:09.901715
INFO:root:Processing create request 1615683389053 at 2021-03-13 17:57:10.175625
INFO:root:Processing create request 1615683389322 at 2021-03-13 17:57:10.489926
INFO:root:Processing create request 1615683389590 at 2021-03-13 17:57:10.815216
INFO:root:Processing create request 1615683389863 at 2021-03-13 17:57:11.065859
INFO:root:Processing create request 1615683390051 at 2021-03-13 17:57:11.386938
INFO:root:Processing create request 1615683390523 at 2021-03-13 17:57:11.646170
INFO:root:Processing create request 1615683390789 at 2021-03-13 17:57:12.251118
INFO:root:Processing create request 1615683390960 at 2021-03-13 17:57:12.591193
INFO:root:Processing create request 1615683391126 at 2021-03-13 17:57:12.951316
INFO:root:Processing create request 1615683391291 at 2021-03-13 17:57:13.293855
INFO:root:Processing create request 1615683391447 at 2021-03-13 17:57:13.666548
INFO:root:Processing create request 1615683391763 at 2021-03-13 17:57:13.926667
INFO:root:Processing create request 1615683392032 at 2021-03-13 17:57:14.193867
INFO:root:Processing create request 1615683392352 at 2021-03-13 17:57:14.459241
INFO:root:Processing create request 1615683392617 at 2021-03-13 17:57:14.717297
INFO:root:Processing create request 1615683392886 at 2021-03-13 17:57:14.980967
INFO:root:Processing create request 1615683393056 at 2021-03-13 17:57:15.303085
INFO:root:Processing create request 1615683393219 at 2021-03-13 17:57:15.622414
INFO:root:Processing create request 1615683393485 at 2021-03-13 17:57:15.871531
INFO:root:Processing create request 1615683393757 at 2021-03-13 17:57:16.136372
INFO:root:Processing create request 1615683393926 at 2021-03-13 17:57:16.776233
INFO:root:Processing create request 1615683394088 at 2021-03-13 17:57:17.122442
INFO:root:Processing create request 1615683394252 at 2021-03-13 17:57:17.443778
INFO:root:Processing create request 1615683394409 at 2021-03-13 17:57:17.775494
INFO:root:Processing create request 1615683394577 at 2021-03-13 17:57:18.117335
INFO:root:Processing create request 1615683394842 at 2021-03-13 17:57:18.366717
INFO:root:Processing create request 1615683395002 at 2021-03-13 17:57:18.692624
INFO:root:Processing create request 1615683395161 at 2021-03-13 17:57:19.031205
INFO:root:Processing create request 1615683395318 at 2021-03-13 17:57:19.356221
INFO:root:Processing create request 1615683395582 at 2021-03-13 17:57:19.619019
INFO:root:Processing create request 1615683395753 at 2021-03-13 17:57:19.964760
INFO:root:Processing create request 1615683396027 at 2021-03-13 17:57:20.239104
INFO:root:Processing create request 1615683396291 at 2021-03-13 17:57:20.498248
INFO:root:Processing create request 1615683396451 at 2021-03-13 17:57:20.839118
INFO:root:Processing create request 1615683396712 at 2021-03-13 17:57:21.088091
INFO:root:Processing create request 1615683396874 at 2021-03-13 17:57:21.397550
INFO:root:Processing create request 1615683397037 at 2021-03-13 17:57:21.719499
INFO:root:Processing create request 1615683397216 at 2021-03-13 17:57:22.029374
INFO:root:Processing create request 1615683397374 at 2021-03-13 17:57:22.417978
INFO:root:Processing create request 1615683397636 at 2021-03-13 17:57:22.674245
INFO:root:Processing create request 1615683397895 at 2021-03-13 17:57:22.914189
INFO:root:Processing create request 1615683398163 at 2021-03-13 17:57:23.156126
INFO:root:Processing create request 1615683398425 at 2021-03-13 17:57:23.415802
INFO:root:Processing create request 1615683398691 at 2021-03-13 17:57:23.702849
INFO:root:Processing create request 1615683398955 at 2021-03-13 17:57:23.975999
INFO:root:Processing create request 1615683399112 at 2021-03-13 17:57:24.314242
INFO:root:Processing create request 1615683399372 at 2021-03-13 17:57:24.578835
INFO:root:Processing create request 1615683399547 at 2021-03-13 17:57:24.904006
INFO:root:Processing create request 1615683399711 at 2021-03-13 17:57:25.332073
INFO:root:Processing create request 1615683399969 at 2021-03-13 17:57:25.586053
INFO:root:Processing create request 1615683400133 at 2021-03-13 17:57:25.903650
INFO:root:Processing create request 1615683400389 at 2021-03-13 17:57:26.208941
INFO:root:Processing create request 1615683400637 at 2021-03-13 17:57:26.523645
INFO:root:Processing create request 1615683400827 at 2021-03-13 17:57:26.849054
INFO:root:Processing create request 1615683400984 at 2021-03-13 17:57:27.492975
INFO:root:Processing create request 1615683401147 at 2021-03-13 17:57:27.826894
INFO:root:Processing create request 1615683401404 at 2021-03-13 17:57:28.097640
INFO:root:Processing create request 1615683401665 at 2021-03-13 17:57:28.354919
INFO:root:Processing create request 1615683401948 at 2021-03-13 17:57:28.622675
INFO:root:Processing create request 1615683402214 at 2021-03-13 17:57:28.879637
INFO:root:Processing create request 1615683402373 at 2021-03-13 17:57:29.269879
INFO:root:Processing create request 1615683402538 at 2021-03-13 17:57:29.593662
INFO:root:Processing create request 1615683402694 at 2021-03-13 17:57:29.936609
INFO:root:Processing create request 1615683402951 at 2021-03-13 17:57:30.189181
INFO:root:Processing create request 1615683403215 at 2021-03-13 17:57:30.454045
INFO:root:Processing create request 1615683403472 at 2021-03-13 17:57:30.730905
INFO:root:Processing create request 1615683403732 at 2021-03-13 17:57:30.996878
INFO:root:Processing create request 1615683403894 at 2021-03-13 17:57:31.322813
INFO:root:Processing create request 1615683404062 at 2021-03-13 17:57:31.674175
INFO:root:Processing create request 1615683404217 at 2021-03-13 17:57:32.009301
INFO:root:Processing create request 1615683404373 at 2021-03-13 17:57:32.348821
INFO:root:Processing create request 1615683404629 at 2021-03-13 17:57:32.596818
INFO:root:Processing create request 1615683404797 at 2021-03-13 17:57:32.913291
INFO:root:Processing create request 1615683405056 at 2021-03-13 17:57:33.167974
INFO:root:Processing create request 1615683405465 at 2021-03-13 17:57:33.499106
INFO:root:Processing create request 1615683405722 at 2021-03-13 17:57:33.745054
INFO:root:Processing create request 1615683405978 at 2021-03-13 17:57:33.994263
INFO:root:Processing create request 1615683406165 at 2021-03-13 17:57:34.317662
INFO:root:Processing create request 1615683406323 at 2021-03-13 17:57:34.640939
INFO:root:Processing create request 1615683406580 at 2021-03-13 17:57:34.892963
INFO:root:Processing create request 1615683406738 at 2021-03-13 17:57:35.230662
INFO:root:Processing create request 1615683406899 at 2021-03-13 17:57:35.570294
INFO:root:Processing create request 1615683407053 at 2021-03-13 17:57:35.917230
INFO:root:Processing create request 1615683407310 at 2021-03-13 17:57:36.171867
INFO:root:Processing create request 1615683407465 at 2021-03-13 17:57:36.505143
INFO:root:Processing create request 1615683407626 at 2021-03-13 17:57:36.840671
INFO:root:Processing create request 1615683407784 at 2021-03-13 17:57:37.180480
INFO:root:Processing create request 1615683408041 at 2021-03-13 17:57:37.761118
INFO:root:Processing create request 1615683408460 at 2021-03-13 17:57:38.089227
INFO:root:Processing create request 1615683408760 at 2021-03-13 17:57:38.349868
INFO:root:Processing create request 1615683408938 at 2021-03-13 17:57:38.694033
INFO:root:Processing create request 1615683409096 at 2021-03-13 17:57:39.018621
INFO:root:Processing create request 1615683409261 at 2021-03-13 17:57:39.350664
INFO:root:Processing create request 1615683409515 at 2021-03-13 17:57:39.600727
INFO:root:Processing create request 1615683409679 at 2021-03-13 17:57:39.935607
INFO:root:Processing create request 1615683409847 at 2021-03-13 17:57:40.255570
INFO:root:Processing create request 1615683410108 at 2021-03-13 17:57:40.513825
INFO:root:Processing create request 1615683410368 at 2021-03-13 17:57:40.782618
INFO:root:Processing create request 1615683410533 at 2021-03-13 17:57:41.105066
INFO:root:Processing create request 1615683410695 at 2021-03-13 17:57:41.432466
INFO:root:Processing create request 1615683410953 at 2021-03-13 17:57:41.730557
INFO:root:Processing create request 1615683411218 at 2021-03-13 17:57:41.994019
INFO:root:Processing create request 1615683411377 at 2021-03-13 17:57:42.327429
INFO:root:Processing create request 1615683411659 at 2021-03-13 17:57:42.575519
INFO:root:Processing create request 1615683411915 at 2021-03-13 17:57:42.823686
