INFO:botocore.credentials:Found credentials in shared credentials file: ~/.aws/credentials
INFO:botocore.credentials:Found credentials in shared credentials file: ~/.aws/credentials
INFO:root:Processing create request test-request at 2021-03-15 09:43:34.272640
INFO:root:Processing widget 8123f304-f23f-440b-a6d3-80e979fa4cd6 at 2021-03-15 09:43:34.390390
INFO:root:Processing widget 8123f304-f23f-440b-a6d3-80e979fa4cd6 at 2021-03-15 09:43:35.096025
INFO:root:Processing create request test-request at 2021-03-15 09:43:36.801284
INFO:root:Processing widget 8123f304-f23f-440b-a6d3-80e979fa4cd6 at 2021-03-15 09:43:36.900906
INFO:root:Processing create request test-request at 2021-03-15 09:43:38.186025
INFO:root:Processing widget 8123f304-f23f-440b-a6d3-80e979fa4cd6 at 2021-03-15 09:43:38.278658
INFO:botocore.credentials:Found credentials in shared credentials file: ~/.aws/credentials
INFO:botocore.credentials:Found credentials in shared credentials file: ~/.aws/credentials
INFO:root:Processing create request 1616612788567 at 2021-03-24 13:07:55.728458
INFO:botocore.credentials:Found credentials in shared credentials file: ~/.aws/credentials
INFO:root:Processing create request 1616612788567 at 2021-03-24 13:08:14.314349
INFO:root:Processing create request 1616612789763 at 2021-03-24 13:08:14.589444
INFO:root:Processing create request 1616612789948 at 2021-03-24 13:08:14.869614
INFO:root:Processing create request 1616612790123 at 2021-03-24 13:08:15.137532
INFO:root:Processing create request 1616612790309 at 2021-03-24 13:08:15.407804
INFO:root:Processing create request 1616612790487 at 2021-03-24 13:08:15.698975
INFO:root:Processing create request 1616612790775 at 2021-03-24 13:08:15.968776
INFO:root:Processing create request 1616612790949 at 2021-03-24 13:08:16.238527
INFO:root:Processing create request 1616612791230 at 2021-03-24 13:08:16.502635
INFO:root:Processing create request 1616612791525 at 2021-03-24 13:08:16.816263
INFO:root:Processing create request 1616612792047 at 2021-03-24 13:08:17.087506
INFO:root:Processing create request 1616612792223 at 2021-03-24 13:08:17.367749
INFO:root:Processing create request 1616612792501 at 2021-03-24 13:08:17.642456
INFO:root:Processing create request 1616612792781 at 2021-03-24 13:08:17.927042
INFO:root:Processing create request 1616612792970 at 2021-03-24 13:08:18.281393
INFO:root:Processing create request 1616612793252 at 2021-03-24 13:08:18.549921
INFO:root:Processing create request 1616612793535 at 2021-03-24 13:08:18.826415
INFO:root:Processing create request 1616612793819 at 2021-03-24 13:08:19.108453
INFO:root:Processing create request 1616612793998 at 2021-03-24 13:08:19.384327
INFO:root:Processing create request 1616612794172 at 2021-03-24 13:08:19.652727
INFO:root:Processing create request 1616612794345 at 2021-03-24 13:08:19.923536
INFO:root:Processing create request 1616612794639 at 2021-03-24 13:08:20.192676
INFO:root:Processing create request 1616612794921 at 2021-03-24 13:08:20.464872
INFO:root:Processing create request 1616612795104 at 2021-03-24 13:08:20.733907
INFO:root:Processing create request 1616612795395 at 2021-03-24 13:08:20.999510
INFO:root:Processing create request 1616612795694 at 2021-03-24 13:08:21.279235
INFO:root:Processing create request 1616612796009 at 2021-03-24 13:08:21.569623
INFO:root:Processing create request 1616612796305 at 2021-03-24 13:08:21.863527
INFO:root:Processing create request 1616612796589 at 2021-03-24 13:08:22.149575
INFO:root:Processing create request 1616612796762 at 2021-03-24 13:08:22.423542
INFO:root:Processing create request 1616612796945 at 2021-03-24 13:08:22.697172
INFO:root:Processing create request 1616612797233 at 2021-03-24 13:08:22.972793
INFO:root:Processing create request 1616612797871 at 2021-03-24 13:08:23.238555
INFO:root:Processing create request 1616612798152 at 2021-03-24 13:08:23.838659
INFO:root:Processing create request 1616612798318 at 2021-03-24 13:08:24.120530
INFO:root:Processing create request 1616612798594 at 2021-03-24 13:08:24.388495
INFO:root:Processing create request 1616612798768 at 2021-03-24 13:08:24.655614
INFO:root:Processing create request 1616612798945 at 2021-03-24 13:08:24.946237
INFO:root:Processing create request 1616612799119 at 2021-03-24 13:08:25.233382
INFO:root:Processing create request 1616612799392 at 2021-03-24 13:08:25.572647
INFO:root:Processing create request 1616612799569 at 2021-03-24 13:08:25.843429
INFO:root:Processing create request 1616612799742 at 2021-03-24 13:08:26.114296
INFO:root:Processing create request 1616612799915 at 2021-03-24 13:08:26.459225
INFO:root:Processing create request 1616612800194 at 2021-03-24 13:08:26.724263
INFO:botocore.credentials:Found credentials in shared credentials file: ~/.aws/credentials
INFO:root:Processing create request 1616612800464 at 2021-03-24 13:10:38.456913
INFO:root:Processing create request 1616612800650 at 2021-03-24 13:10:38.740385
INFO:root:Processing create request 1616612800839 at 2021-03-24 13:10:39.024324
INFO:root:Processing create request 1616612801122 at 2021-03-24 13:10:39.297446
INFO:root:Processing create request 1616612801301 at 2021-03-24 13:10:39.563321
INFO:root:Processing create request 1616612801477 at 2021-03-24 13:10:39.823631
INFO:root:Processing create request 1616612801751 at 2021-03-24 13:10:40.094365
INFO:root:Processing create request 1616612801930 at 2021-03-24 13:10:40.472072
INFO:root:Processing create request 1616612802097 at 2021-03-24 13:10:40.736054
INFO:root:Processing create request 1616612802266 at 2021-03-24 13:10:41.005532
INFO:root:Processing create request 1616612802440 at 2021-03-24 13:10:41.271722
INFO:root:Processing create request 1616612802622 at 2021-03-24 13:10:41.662205
INFO:root:Processing create request 1616612802904 at 2021-03-24 13:10:41.929059
INFO:root:Processing create request 1616612803185 at 2021-03-24 13:10:42.258167
INFO:root:Processing create request 1616612803466 at 2021-03-24 13:10:42.531989
INFO:root:Processing create request 1616612803635 at 2021-03-24 13:10:42.803625
INFO:root:Processing create request 1616612803805 at 2021-03-24 13:10:43.184651
INFO:root:Processing create request 1616612804013 at 2021-03-24 13:10:43.470777
INFO:root:Processing create request 1616612804190 at 2021-03-24 13:10:43.738388
INFO:root:Processing create request 1616612804470 at 2021-03-24 13:10:44.017520
INFO:root:Processing create request 1616612804755 at 2021-03-24 13:10:44.285568
INFO:root:Processing create request 1616612804926 at 2021-03-24 13:10:44.559049
INFO:root:Processing create request 1616612805094 at 2021-03-24 13:10:44.919787
INFO:root:Processing create request 1616612805318 at 2021-03-24 13:10:45.178322
INFO:root:Processing create request 1616612805592 at 2021-03-24 13:10:45.445449
INFO:root:Processing create request 1616612805779 at 2021-03-24 13:10:45.709965
INFO:root:Processing create request 1616612805950 at 2021-03-24 13:10:46.009320
INFO:root:Processing create request 1616612806120 at 2021-03-24 13:10:46.269346
INFO:botocore.credentials:Found credentials in shared credentials file: ~/.aws/credentials
INFO:root:Processing create request 1616612806405 at 2021-03-24 13:11:07.446211
INFO:botocore.credentials:Found credentials in shared credentials file: ~/.aws/credentials
INFO:root:Processing create request 1616612806690 at 2021-03-24 13:13:08.096718
INFO:root:Processing create request 1616612806973 at 2021-03-24 13:13:08.371839
INFO:root:Processing widget 85efef85-46b6-4e03-a966-2219c1d69dea at 2021-03-24 13:13:08.464521
INFO:root:Processing create request 1616612807159 at 2021-03-24 13:13:09.077713
INFO:root:Processing create request 1616612807445 at 2021-03-24 13:13:09.352271
INFO:root:Processing create request 1616612807726 at 2021-03-24 13:13:09.674998
INFO:root:Processing widget 3330a345-695d-47c5-97cb-f46caaff7f02 at 2021-03-24 13:13:09.777282
INFO:root:Processing create request 1616612807899 at 2021-03-24 13:13:10.143925
INFO:root:Processing create request 1616612808197 at 2021-03-24 13:13:10.412977
INFO:root:Processing create request 1616612808495 at 2021-03-24 13:13:10.727527
INFO:root:Processing create request 1616612808791 at 2021-03-24 13:13:11.000710
INFO:root:Processing widget c8134762-25dd-4a69-b53b-5ed05ffa8873 at 2021-03-24 13:13:11.103907
INFO:root:Processing create request 1616612808967 at 2021-03-24 13:13:11.464630
INFO:root:Processing create request 1616612809247 at 2021-03-24 13:13:11.736146
INFO:root:Processing widget 075c6a04-7c81-4269-8f1d-764879a3c9db at 2021-03-24 13:13:11.835709
INFO:root:Processing create request 1616612809420 at 2021-03-24 13:13:12.213116
INFO:root:Processing create request 1616612809701 at 2021-03-24 13:13:12.489020
INFO:root:Processing create request 1616612809982 at 2021-03-24 13:13:12.790902
INFO:root:Processing create request 1616612810261 at 2021-03-24 13:13:13.074949
INFO:root:Processing widget 3f633ff2-ec0b-4ced-88eb-afd95426c08d at 2021-03-24 13:13:13.165274
INFO:root:Processing create request 1616612810460 at 2021-03-24 13:13:13.514891
INFO:root:Processing widget 2974d051-415d-4a17-967a-105958c2f4be at 2021-03-24 13:13:13.611411
INFO:root:Processing create request 1616612810633 at 2021-03-24 13:13:14.051624
INFO:root:Processing create request 1616612810916 at 2021-03-24 13:13:14.453895
INFO:root:Processing widget 8482a29c-a4b7-4664-abfb-78374b7874e7 at 2021-03-24 13:13:14.547753
INFO:root:Processing create request 1616612811090 at 2021-03-24 13:13:14.901971
INFO:root:Processing widget 342c5a1e-4cfd-43e9-bbee-535370e6b3b0 at 2021-03-24 13:13:14.997016
INFO:root:Processing create request 1616612811255 at 2021-03-24 13:13:15.338574
INFO:root:Processing create request 1616612811532 at 2021-03-24 13:13:15.606518
INFO:root:Processing widget 652b33ff-2a9b-4e72-838c-522ff5513aa6 at 2021-03-24 13:13:15.706622
INFO:root:Processing create request 1616612811698 at 2021-03-24 13:13:16.069027
INFO:root:Processing create request 1616612811970 at 2021-03-24 13:13:16.342207
INFO:root:Processing widget 65728c3a-4bd0-4d8b-8b26-a0ec780ad65e at 2021-03-24 13:13:16.437391
INFO:root:Processing create request 1616612812137 at 2021-03-24 13:13:16.785984
INFO:root:Processing create request 1616612812428 at 2021-03-24 13:13:17.049119
INFO:root:Processing create request 1616612812710 at 2021-03-24 13:13:17.322028
INFO:root:Processing widget 359c9a6a-79a8-4fab-bacc-858fafe33ffb at 2021-03-24 13:13:17.488328
INFO:root:Processing create request 1616612812883 at 2021-03-24 13:13:17.848005
INFO:root:Processing widget a6af3ef8-d492-4fd5-ae0e-a4e6baa4f63d at 2021-03-24 13:13:17.946371
INFO:root:Processing create request 1616612813080 at 2021-03-24 13:13:18.387407
INFO:root:Processing widget 95489844-85fb-4f01-aef0-4839f9e4d261 at 2021-03-24 13:13:18.478416
INFO:root:Processing create request 1616612813549 at 2021-03-24 13:13:18.861894
INFO:root:Processing widget 2ea2dbd3-723a-4f76-996e-df47564ece0e at 2021-03-24 13:13:18.952065
INFO:root:Processing create request 1616612813718 at 2021-03-24 13:13:19.291679
INFO:root:Processing widget f168a836-3d49-473e-8925-9f831ddea8ec at 2021-03-24 13:13:19.387180
INFO:root:Processing create request 1616612813940 at 2021-03-24 13:13:19.761448
INFO:root:Processing create request 1616612814210 at 2021-03-24 13:13:20.031204
INFO:root:Processing widget 0c733457-8e09-41ca-be81-9c6dfe1f11e7 at 2021-03-24 13:13:20.128021
INFO:root:Processing create request 1616612814383 at 2021-03-24 13:13:20.472707
INFO:root:Processing create request 1616612814663 at 2021-03-24 13:13:21.187839
INFO:root:Processing create request 1616612814945 at 2021-03-24 13:13:21.510138
INFO:root:Processing create request 1616612815227 at 2021-03-24 13:13:21.781890
INFO:root:Processing create request 1616612815494 at 2021-03-24 13:13:22.057738
INFO:root:Processing widget 1f9b3c87-d9f8-4643-a7e8-6b84fd72c8c6 at 2021-03-24 13:13:22.147952
INFO:root:Processing create request 1616612815667 at 2021-03-24 13:13:22.496894
INFO:root:Processing widget 1d22c9ae-1dd4-4877-aabb-55c7c01900ae at 2021-03-24 13:13:22.601828
INFO:root:Processing create request 1616612815842 at 2021-03-24 13:13:23.050258
INFO:root:Processing widget 64a88a94-e827-48c1-bc83-dca7d40d3427 at 2021-03-24 13:13:23.150012
INFO:botocore.credentials:Found credentials in shared credentials file: ~/.aws/credentials
INFO:root:Processing create request 1616612816009 at 2021-03-24 13:34:02.535224
INFO:botocore.credentials:Found credentials in shared credentials file: ~/.aws/credentials
INFO:root:Processing create request 1616612816178 at 2021-03-24 13:35:27.886536
INFO:root:Processing widget fbc41747-2be4-400d-aacc-6552a7a689fb at 2021-03-24 13:35:27.978003
INFO:botocore.credentials:Found credentials in shared credentials file: ~/.aws/credentials
INFO:root:Processing create request 1616612816354 at 2021-03-24 13:35:59.309249
INFO:root:Processing widget 1292d6fa-54f3-4ba4-8e80-2bd199d111ff at 2021-03-24 13:35:59.404792
INFO:botocore.credentials:Found credentials in shared credentials file: ~/.aws/credentials
INFO:root:Processing create request 1616612816537 at 2021-03-24 13:36:32.598132
INFO:root:Processing widget 7cd1de56-01ff-4b53-a9e1-0b3aa99f5a9f at 2021-03-24 13:36:32.690082
INFO:root:Processing create request 1616612816712 at 2021-03-24 13:36:33.351117
INFO:root:Processing widget 0c97e440-4bca-4c11-97ba-e8f5477386d9 at 2021-03-24 13:36:33.445099
INFO:root:Processing create request 1616612816911 at 2021-03-24 13:36:33.842349
INFO:root:Processing create request 1616612817183 at 2021-03-24 13:36:34.127950
INFO:root:Processing widget f0a05e78-6cb7-4bfe-8b75-05f8fad59c5b at 2021-03-24 13:36:34.233267
INFO:root:Processing create request 1616612817393 at 2021-03-24 13:36:34.619721
INFO:root:Processing create request 1616612817662 at 2021-03-24 13:36:34.952079
INFO:root:Processing create request 1616612817931 at 2021-03-24 13:36:35.252130
INFO:root:Processing create request 1616612818208 at 2021-03-24 13:36:35.539830
INFO:root:Processing widget 750b8156-9adb-489c-8ca2-0e7c47bc1506 at 2021-03-24 13:36:35.643244
INFO:root:Processing create request 1616612818383 at 2021-03-24 13:36:35.990300
INFO:root:Processing create request 1616612818649 at 2021-03-24 13:36:36.254698
INFO:botocore.credentials:Found credentials in shared credentials file: ~/.aws/credentials
INFO:botocore.credentials:Found credentials in shared credentials file: ~/.aws/credentials
INFO:root:Processing create request 1616615191814 at 2021-03-24 13:46:59.136484
INFO:root:Processing widget 53bcfc41-d43e-4f93-9093-3247ed3159f0 at 2021-03-24 13:46:59.228155
INFO:root:Processing create request 1616615192590 at 2021-03-24 13:46:59.815744
INFO:root:Processing widget 1f3472e4-e569-4c31-aee2-fe9c81e503d0 at 2021-03-24 13:46:59.912798
INFO:root:Processing create request 1616615192766 at 2021-03-24 13:47:00.185322
INFO:root:Processing widget f4ddbc9a-41c9-4b92-84ba-2b6dd4ba10a8 at 2021-03-24 13:47:00.297084
INFO:root:Processing create request 1616615192944 at 2021-03-24 13:47:00.594374
INFO:root:Processing widget 60be9d16-3c48-43ab-865f-883e7f057145 at 2021-03-24 13:47:00.687129
INFO:root:Processing create request 1616615193123 at 2021-03-24 13:47:00.952411
INFO:root:Processing widget d8b16ddb-2e3b-4ce0-92f8-669e08c3bfbb at 2021-03-24 13:47:01.048370
INFO:root:Processing create request 1616615193298 at 2021-03-24 13:47:01.315804
INFO:root:Processing widget 8cbb8227-a29c-42e7-a249-9c3dc8b35987 at 2021-03-24 13:47:01.415664
INFO:root:Processing create request 1616615193476 at 2021-03-24 13:47:01.673499
INFO:root:Processing create request 1616615193763 at 2021-03-24 13:47:01.961752
INFO:root:Processing widget e049a851-2ebb-4e9f-8599-cb3d01b9d92b at 2021-03-24 13:47:02.058620
INFO:root:Processing create request 1616615193940 at 2021-03-24 13:47:02.310033
INFO:root:Processing widget 728bf9b3-255e-41a9-a5c5-a1851872acf5 at 2021-03-24 13:47:02.408279
INFO:root:Processing create request 1616615194113 at 2021-03-24 13:47:02.666813
INFO:root:Processing create request 1616615194401 at 2021-03-24 13:47:02.943567
INFO:root:Processing widget 281f0984-3352-4218-b19f-29aa6656dc5c at 2021-03-24 13:47:03.044691
INFO:root:Processing create request 1616615194577 at 2021-03-24 13:47:03.321973
INFO:root:Processing widget 18755e8d-96eb-45d6-9754-f14bf3357331 at 2021-03-24 13:47:03.413967
INFO:root:Processing create request 1616615194762 at 2021-03-24 13:47:03.669146
INFO:root:Processing widget 88b4b968-1199-404c-820c-b993028fcaf8 at 2021-03-24 13:47:03.762246
INFO:root:Processing create request 1616615194937 at 2021-03-24 13:47:04.020385
INFO:root:Processing widget 525ecf3f-6cf3-4ad5-b642-a56b55525686 at 2021-03-24 13:47:04.110616
INFO:root:Processing create request 1616615195106 at 2021-03-24 13:47:04.363430
INFO:root:Processing widget c753b953-bf8f-4612-afe8-7c815a753492 at 2021-03-24 13:47:04.454932
INFO:root:Processing create request 1616615195307 at 2021-03-24 13:47:04.758006
INFO:root:Processing widget caf3e4e0-9b31-4af0-a26d-d376540aaf7e at 2021-03-24 13:47:04.851829
INFO:root:Processing create request 1616615195481 at 2021-03-24 13:47:05.105439
INFO:root:Processing create request 1616615195766 at 2021-03-24 13:47:05.367986
INFO:root:Processing widget 9f1d604a-0961-42dd-ae9c-522506caecc4 at 2021-03-24 13:47:05.460691
INFO:root:Processing create request 1616615195936 at 2021-03-24 13:47:05.718418
INFO:root:Processing create request 1616615196255 at 2021-03-24 13:47:06.090281
INFO:root:Processing create request 1616615196539 at 2021-03-24 13:47:06.360726
INFO:root:Processing create request 1616615196831 at 2021-03-24 13:47:06.628137
INFO:root:Processing create request 1616615197111 at 2021-03-24 13:47:06.900797
INFO:root:Processing widget 08f69979-1f70-4749-a237-5692b71ce640 at 2021-03-24 13:47:06.999211
INFO:root:Processing create request 1616615197289 at 2021-03-24 13:47:07.254078
INFO:root:Processing create request 1616615197565 at 2021-03-24 13:47:07.558257
INFO:root:Processing widget 6e752951-0b61-40b7-a6dd-3cf79e91a6e9 at 2021-03-24 13:47:07.651164
INFO:root:Processing create request 1616615197732 at 2021-03-24 13:47:07.910600
INFO:root:Processing widget f225ab04-e491-4f4f-b65c-d18953913e63 at 2021-03-24 13:47:08.005384
INFO:root:Processing create request 1616615197898 at 2021-03-24 13:47:08.268149
INFO:root:Processing create request 1616615198173 at 2021-03-24 13:47:08.621681
INFO:root:Processing create request 1616615198455 at 2021-03-24 13:47:08.945169
INFO:root:Processing widget 431b0318-977e-4fb1-9edf-dea0e6b2e448 at 2021-03-24 13:47:09.039427
INFO:root:Processing create request 1616615198626 at 2021-03-24 13:47:09.297657
INFO:root:Processing widget db18a579-0a07-40f7-ac9c-efa95d2c5fd5 at 2021-03-24 13:47:09.393749
INFO:root:Processing create request 1616615198800 at 2021-03-24 13:47:09.649959
INFO:root:Processing widget b8e8ffa1-9033-4a93-b2bb-473a2df0687d at 2021-03-24 13:47:09.743082
INFO:root:Processing create request 1616615198969 at 2021-03-24 13:47:09.998442
INFO:root:Processing create request 1616615199252 at 2021-03-24 13:47:10.272208
INFO:root:Processing create request 1616615199549 at 2021-03-24 13:47:10.808198
INFO:root:Processing widget e5f4650a-71e8-4919-bc63-cb7fdd3d1443 at 2021-03-24 13:47:10.907719
INFO:root:Processing create request 1616615199724 at 2021-03-24 13:47:11.202512
INFO:root:Processing widget cad1ec00-e88d-4e98-ba36-9376cbeaa334 at 2021-03-24 13:47:11.291715
INFO:root:Processing create request 1616615199899 at 2021-03-24 13:47:11.543909
INFO:root:Processing create request 1616615200179 at 2021-03-24 13:47:11.826650
INFO:root:Processing widget 0c8787ae-7297-4d23-b87c-c9a34f0af681 at 2021-03-24 13:47:11.926652
INFO:root:Processing create request 1616615200356 at 2021-03-24 13:47:12.191988
INFO:root:Processing widget fdf20b5a-2fb0-4aea-9da5-2548b5bacffc at 2021-03-24 13:47:12.286824
INFO:root:Processing create request 1616615200530 at 2021-03-24 13:47:12.546809
INFO:root:Processing widget b9bf3fa2-8f7d-4c33-b302-034afff78564 at 2021-03-24 13:47:12.640070
INFO:root:Processing create request 1616615200699 at 2021-03-24 13:47:12.899520
INFO:root:Processing widget d0e2bc1e-d185-4615-a3b1-4d0f7d85d29d at 2021-03-24 13:47:12.998561
INFO:root:Processing create request 1616615200883 at 2021-03-24 13:47:13.254128
INFO:root:Processing create request 1616615201161 at 2021-03-24 13:47:13.547748
INFO:root:Processing create request 1616615201457 at 2021-03-24 13:47:13.824692
INFO:root:Processing widget b0b6ff71-ee5f-487d-a17d-0ccc5cfadae1 at 2021-03-24 13:47:13.915958
INFO:root:Processing create request 1616615201640 at 2021-03-24 13:47:14.170224
INFO:root:Processing widget 23b4914d-85dc-418f-bbeb-eb1877ccf627 at 2021-03-24 13:47:14.274285
INFO:root:Processing create request 1616615201812 at 2021-03-24 13:47:14.533714
INFO:root:Processing create request 1616615202100 at 2021-03-24 13:47:14.800205
INFO:root:Processing widget 8e0a3844-dc21-4329-a4ad-039caaf10d4f at 2021-03-24 13:47:14.901800
INFO:root:Processing create request 1616615202330 at 2021-03-24 13:47:15.152863
INFO:root:Processing create request 1616615202616 at 2021-03-24 13:47:15.414353
INFO:root:Processing widget 92ef10e6-3e4b-4232-bf1f-0ae2190b0309 at 2021-03-24 13:47:15.509442
INFO:root:Processing create request 1616615202791 at 2021-03-24 13:47:15.761697
INFO:root:Processing create request 1616615203058 at 2021-03-24 13:47:16.035685
INFO:root:Processing widget 36dbcb87-ef3f-4251-93e8-3824895bd483 at 2021-03-24 13:47:16.129572
INFO:root:Processing create request 1616615203225 at 2021-03-24 13:47:16.382449
