2021-03-13 18:15:23,347 [main] INFO edu.usu.cs5260.common.ProducerSettings - max-widget-requests: 1000
2021-03-13 18:15:23,351 [main] INFO edu.usu.cs5260.common.ProducerSettings - inter-request-delay: 100
2021-03-13 18:15:23,971 [Thread-0] INFO edu.usu.cs5260.producer.RequestGenerator - Generate a Create request
2021-03-13 18:15:24,069 [Thread-0] DEBUG software.amazon.awssdk.auth.credentials.AwsCredentialsProviderChain - Unable to load credentials from SystemPropertyCredentialsProvider(): Unable to load credentials from system settings. Access key must be specified either via environment variable (AWS_ACCESS_KEY_ID) or system property (aws.accessKeyId).
software.amazon.awssdk.core.exception.SdkClientException: Unable to load credentials from system settings. Access key must be specified either via environment variable (AWS_ACCESS_KEY_ID) or system property (aws.accessKeyId).
	at software.amazon.awssdk.core.exception.SdkClientException$BuilderImpl.build(SdkClientException.java:98) ~[producer.jar:2.2]
	at software.amazon.awssdk.auth.credentials.internal.SystemSettingsCredentialsProvider.resolveCredentials(SystemSettingsCredentialsProvider.java:58) ~[producer.jar:2.2]
	at software.amazon.awssdk.auth.credentials.AwsCredentialsProviderChain.resolveCredentials(AwsCredentialsProviderChain.java:91) ~[producer.jar:2.2]
	at software.amazon.awssdk.awscore.client.handler.AwsClientHandlerUtils.createExecutionContext(AwsClientHandlerUtils.java:76) ~[producer.jar:2.2]
	at software.amazon.awssdk.awscore.client.handler.AwsSyncClientHandler.createExecutionContext(AwsSyncClientHandler.java:68) ~[producer.jar:2.2]
	at software.amazon.awssdk.core.internal.handler.BaseSyncClientHandler.lambda$execute$1(BaseSyncClientHandler.java:97) ~[producer.jar:2.2]
	at software.amazon.awssdk.core.internal.handler.BaseSyncClientHandler.measureApiCallSuccess(BaseSyncClientHandler.java:167) [producer.jar:2.2]
	at software.amazon.awssdk.core.internal.handler.BaseSyncClientHandler.execute(BaseSyncClientHandler.java:94) [producer.jar:2.2]
	at software.amazon.awssdk.core.client.handler.SdkSyncClientHandler.execute(SdkSyncClientHandler.java:45) [producer.jar:2.2]
	at software.amazon.awssdk.awscore.client.handler.AwsSyncClientHandler.execute(AwsSyncClientHandler.java:55) [producer.jar:2.2]
	at software.amazon.awssdk.services.s3.DefaultS3Client.putObject(DefaultS3Client.java:8655) [producer.jar:2.2]
	at edu.usu.cs5260.common.S3Adapter.putObject(S3Adapter.java:76) [producer.jar:2.2]
	at edu.usu.cs5260.common.S3WidgetRequestAdapter.putWidgetRequest(S3WidgetRequestAdapter.java:20) [producer.jar:2.2]
	at edu.usu.cs5260.common.requests.WidgetRequestFactory.generateAndSaveTestWidgetCreateRequest(WidgetRequestFactory.java:25) [producer.jar:2.2]
	at edu.usu.cs5260.producer.RequestGenerator.run(RequestGenerator.java:58) [producer.jar:2.2]
	at java.lang.Thread.run(Thread.java:834) [?:?]
2021-03-13 18:15:24,075 [Thread-0] DEBUG software.amazon.awssdk.auth.credentials.AwsCredentialsProviderChain - Unable to load credentials from EnvironmentVariableCredentialsProvider(): Unable to load credentials from system settings. Access key must be specified either via environment variable (AWS_ACCESS_KEY_ID) or system property (aws.accessKeyId).
software.amazon.awssdk.core.exception.SdkClientException: Unable to load credentials from system settings. Access key must be specified either via environment variable (AWS_ACCESS_KEY_ID) or system property (aws.accessKeyId).
	at software.amazon.awssdk.core.exception.SdkClientException$BuilderImpl.build(SdkClientException.java:98) ~[producer.jar:2.2]
	at software.amazon.awssdk.auth.credentials.internal.SystemSettingsCredentialsProvider.resolveCredentials(SystemSettingsCredentialsProvider.java:58) ~[producer.jar:2.2]
	at software.amazon.awssdk.auth.credentials.AwsCredentialsProviderChain.resolveCredentials(AwsCredentialsProviderChain.java:91) ~[producer.jar:2.2]
	at software.amazon.awssdk.awscore.client.handler.AwsClientHandlerUtils.createExecutionContext(AwsClientHandlerUtils.java:76) ~[producer.jar:2.2]
	at software.amazon.awssdk.awscore.client.handler.AwsSyncClientHandler.createExecutionContext(AwsSyncClientHandler.java:68) ~[producer.jar:2.2]
	at software.amazon.awssdk.core.internal.handler.BaseSyncClientHandler.lambda$execute$1(BaseSyncClientHandler.java:97) ~[producer.jar:2.2]
	at software.amazon.awssdk.core.internal.handler.BaseSyncClientHandler.measureApiCallSuccess(BaseSyncClientHandler.java:167) [producer.jar:2.2]
	at software.amazon.awssdk.core.internal.handler.BaseSyncClientHandler.execute(BaseSyncClientHandler.java:94) [producer.jar:2.2]
	at software.amazon.awssdk.core.client.handler.SdkSyncClientHandler.execute(SdkSyncClientHandler.java:45) [producer.jar:2.2]
	at software.amazon.awssdk.awscore.client.handler.AwsSyncClientHandler.execute(AwsSyncClientHandler.java:55) [producer.jar:2.2]
	at software.amazon.awssdk.services.s3.DefaultS3Client.putObject(DefaultS3Client.java:8655) [producer.jar:2.2]
	at edu.usu.cs5260.common.S3Adapter.putObject(S3Adapter.java:76) [producer.jar:2.2]
	at edu.usu.cs5260.common.S3WidgetRequestAdapter.putWidgetRequest(S3WidgetRequestAdapter.java:20) [producer.jar:2.2]
	at edu.usu.cs5260.common.requests.WidgetRequestFactory.generateAndSaveTestWidgetCreateRequest(WidgetRequestFactory.java:25) [producer.jar:2.2]
	at edu.usu.cs5260.producer.RequestGenerator.run(RequestGenerator.java:58) [producer.jar:2.2]
	at java.lang.Thread.run(Thread.java:834) [?:?]
2021-03-13 18:15:24,076 [Thread-0] DEBUG software.amazon.awssdk.auth.credentials.AwsCredentialsProviderChain - Loading credentials from ProfileCredentialsProvider(profileName=default, profileFile=ProfileFile(profiles=[Profile(name=default, properties=[region, aws_access_key_id, aws_session_token, aws_secret_access_key])]))
2021-03-13 18:15:24,079 [Thread-0] DEBUG software.amazon.awssdk.core.interceptor.ExecutionInterceptorChain - Creating an interceptor chain that will apply interceptors in the following order: [software.amazon.awssdk.core.internal.interceptor.HttpChecksumRequiredInterceptor@5de09da7, software.amazon.awssdk.awscore.interceptor.HelpfulUnknownHostExceptionInterceptor@8bfdac5, software.amazon.awssdk.services.s3.internal.handlers.EnableChunkedEncodingInterceptor@296f05e1, software.amazon.awssdk.services.s3.internal.handlers.DisableDoubleUrlEncodingInterceptor@210f4087, software.amazon.awssdk.services.s3.internal.handlers.EnableTrailingChecksumInterceptor@785beca4, software.amazon.awssdk.services.s3.internal.handlers.CreateMultipartUploadRequestInterceptor@ec47898, software.amazon.awssdk.services.s3.internal.handlers.GetObjectInterceptor@5f5524ac, software.amazon.awssdk.services.s3.internal.handlers.AsyncChecksumValidationInterceptor@4055cb9, software.amazon.awssdk.services.s3.internal.handlers.EndpointAddressInterceptor@239cae51, software.amazon.awssdk.services.s3.internal.handlers.ExceptionTranslationInterceptor@e310202, software.amazon.awssdk.services.s3.internal.handlers.GetBucketPolicyInterceptor@78b7372c, software.amazon.awssdk.services.s3.internal.handlers.PutObjectInterceptor@56795c17, software.amazon.awssdk.services.s3.internal.handlers.SyncChecksumValidationInterceptor@10d18eaf, software.amazon.awssdk.services.s3.internal.handlers.DecodeUrlEncodedResponseInterceptor@1676afa5, software.amazon.awssdk.services.s3.internal.handlers.CreateBucketInterceptor@5739f410]
2021-03-13 18:15:24,112 [Thread-0] DEBUG software.amazon.awssdk.core.interceptor.ExecutionInterceptorChain - Interceptor 'software.amazon.awssdk.services.s3.internal.handlers.EndpointAddressInterceptor@239cae51' modified the message with its modifyHttpRequest method.
2021-03-13 18:15:24,113 [Thread-0] DEBUG software.amazon.awssdk.core.interceptor.ExecutionInterceptorChain - Interceptor 'software.amazon.awssdk.services.s3.internal.handlers.PutObjectInterceptor@56795c17' modified the message with its modifyHttpRequest method.
2021-03-13 18:15:24,140 [Thread-0] DEBUG software.amazon.awssdk.request - Sending Request: DefaultSdkHttpFullRequest(httpMethod=PUT, protocol=https, host=usu-cs5260-dax-requests.s3.amazonaws.com, port=443, encodedPath=/1615684524016, headers=[amz-sdk-invocation-id, Content-Length, Content-Type, Expect, User-Agent], queryParameters=[])
2021-03-13 18:15:24,154 [Thread-0] DEBUG software.amazon.awssdk.auth.signer.Aws4Signer - AWS4 String to sign: AWS4-HMAC-SHA256
20210314T011524Z
20210314/us-east-1/s3/aws4_request
4e92cb139bf25993f1783ace7d815e1f5af005ce8768a37df65b785122288984
2021-03-13 18:15:24,316 [Thread-0] DEBUG software.amazon.awssdk.http.apache.internal.conn.SdkTlsSocketFactory - socket.getSupportedProtocols(): [TLSv1.3, TLSv1.2, TLSv1.1, TLSv1, SSLv3, SSLv2Hello], socket.getEnabledProtocols(): [TLSv1.3, TLSv1.2, TLSv1.1, TLSv1]
2021-03-13 18:15:24,317 [Thread-0] DEBUG software.amazon.awssdk.http.apache.internal.conn.SdkTlsSocketFactory - TLS protocol enabled for SSL handshake: [TLSv1.2, TLSv1.1, TLSv1, TLSv1.3]
2021-03-13 18:15:24,613 [Thread-0] DEBUG software.amazon.awssdk.http.apache.internal.net.SdkSslSocket - created: usu-cs5260-dax-requests.s3.amazonaws.com/52.217.98.204:443
2021-03-13 18:15:24,826 [Thread-0] DEBUG software.amazon.awssdk.request - Received successful response: 200
2021-03-13 18:15:24,835 [Thread-0] INFO edu.usu.cs5260.producer.RequestGenerator - Generate a Create request
2021-03-13 18:15:24,836 [Thread-0] DEBUG software.amazon.awssdk.core.interceptor.ExecutionInterceptorChain - Creating an interceptor chain that will apply interceptors in the following order: [software.amazon.awssdk.core.internal.interceptor.HttpChecksumRequiredInterceptor@5de09da7, software.amazon.awssdk.awscore.interceptor.HelpfulUnknownHostExceptionInterceptor@8bfdac5, software.amazon.awssdk.services.s3.internal.handlers.EnableChunkedEncodingInterceptor@296f05e1, software.amazon.awssdk.services.s3.internal.handlers.DisableDoubleUrlEncodingInterceptor@210f4087, software.amazon.awssdk.services.s3.internal.handlers.EnableTrailingChecksumInterceptor@785beca4, software.amazon.awssdk.services.s3.internal.handlers.CreateMultipartUploadRequestInterceptor@ec47898, software.amazon.awssdk.services.s3.internal.handlers.GetObjectInterceptor@5f5524ac, software.amazon.awssdk.services.s3.internal.handlers.AsyncChecksumValidationInterceptor@4055cb9, software.amazon.awssdk.services.s3.internal.handlers.EndpointAddressInterceptor@239cae51, software.amazon.awssdk.services.s3.internal.handlers.ExceptionTranslationInterceptor@e310202, software.amazon.awssdk.services.s3.internal.handlers.GetBucketPolicyInterceptor@78b7372c, software.amazon.awssdk.services.s3.internal.handlers.PutObjectInterceptor@56795c17, software.amazon.awssdk.services.s3.internal.handlers.SyncChecksumValidationInterceptor@10d18eaf, software.amazon.awssdk.services.s3.internal.handlers.DecodeUrlEncodedResponseInterceptor@1676afa5, software.amazon.awssdk.services.s3.internal.handlers.CreateBucketInterceptor@5739f410]
2021-03-13 18:15:24,837 [Thread-0] DEBUG software.amazon.awssdk.core.interceptor.ExecutionInterceptorChain - Interceptor 'software.amazon.awssdk.services.s3.internal.handlers.EndpointAddressInterceptor@239cae51' modified the message with its modifyHttpRequest method.
2021-03-13 18:15:24,837 [Thread-0] DEBUG software.amazon.awssdk.core.interceptor.ExecutionInterceptorChain - Interceptor 'software.amazon.awssdk.services.s3.internal.handlers.PutObjectInterceptor@56795c17' modified the message with its modifyHttpRequest method.
2021-03-13 18:15:24,838 [Thread-0] DEBUG software.amazon.awssdk.request - Sending Request: DefaultSdkHttpFullRequest(httpMethod=PUT, protocol=https, host=usu-cs5260-dax-requests.s3.amazonaws.com, port=443, encodedPath=/1615684524835, headers=[amz-sdk-invocation-id, Content-Length, Content-Type, Expect, User-Agent], queryParameters=[])
2021-03-13 18:15:24,838 [Thread-0] DEBUG software.amazon.awssdk.auth.signer.Aws4Signer - AWS4 String to sign: AWS4-HMAC-SHA256
20210314T011524Z
20210314/us-east-1/s3/aws4_request
815a9a207a0c64976c63171337bfb56e983b9d09b482383c4a0e05f3fb479d99
2021-03-13 18:15:24,997 [Thread-0] DEBUG software.amazon.awssdk.request - Received successful response: 200
2021-03-13 18:15:25,001 [Thread-0] INFO edu.usu.cs5260.producer.RequestGenerator - Generate a Create request
2021-03-13 18:15:25,004 [Thread-0] DEBUG software.amazon.awssdk.core.interceptor.ExecutionInterceptorChain - Creating an interceptor chain that will apply interceptors in the following order: [software.amazon.awssdk.core.internal.interceptor.HttpChecksumRequiredInterceptor@5de09da7, software.amazon.awssdk.awscore.interceptor.HelpfulUnknownHostExceptionInterceptor@8bfdac5, software.amazon.awssdk.services.s3.internal.handlers.EnableChunkedEncodingInterceptor@296f05e1, software.amazon.awssdk.services.s3.internal.handlers.DisableDoubleUrlEncodingInterceptor@210f4087, software.amazon.awssdk.services.s3.internal.handlers.EnableTrailingChecksumInterceptor@785beca4, software.amazon.awssdk.services.s3.internal.handlers.CreateMultipartUploadRequestInterceptor@ec47898, software.amazon.awssdk.services.s3.internal.handlers.GetObjectInterceptor@5f5524ac, software.amazon.awssdk.services.s3.internal.handlers.AsyncChecksumValidationInterceptor@4055cb9, software.amazon.awssdk.services.s3.internal.handlers.EndpointAddressInterceptor@239cae51, software.amazon.awssdk.services.s3.internal.handlers.ExceptionTranslationInterceptor@e310202, software.amazon.awssdk.services.s3.internal.handlers.GetBucketPolicyInterceptor@78b7372c, software.amazon.awssdk.services.s3.internal.handlers.PutObjectInterceptor@56795c17, software.amazon.awssdk.services.s3.internal.handlers.SyncChecksumValidationInterceptor@10d18eaf, software.amazon.awssdk.services.s3.internal.handlers.DecodeUrlEncodedResponseInterceptor@1676afa5, software.amazon.awssdk.services.s3.internal.handlers.CreateBucketInterceptor@5739f410]
2021-03-13 18:15:25,008 [Thread-0] DEBUG software.amazon.awssdk.core.interceptor.ExecutionInterceptorChain - Interceptor 'software.amazon.awssdk.services.s3.internal.handlers.EndpointAddressInterceptor@239cae51' modified the message with its modifyHttpRequest method.
2021-03-13 18:15:25,008 [Thread-0] DEBUG software.amazon.awssdk.core.interceptor.ExecutionInterceptorChain - Interceptor 'software.amazon.awssdk.services.s3.internal.handlers.PutObjectInterceptor@56795c17' modified the message with its modifyHttpRequest method.
2021-03-13 18:15:25,009 [Thread-0] DEBUG software.amazon.awssdk.request - Sending Request: DefaultSdkHttpFullRequest(httpMethod=PUT, protocol=https, host=usu-cs5260-dax-requests.s3.amazonaws.com, port=443, encodedPath=/1615684525002, headers=[amz-sdk-invocation-id, Content-Length, Content-Type, Expect, User-Agent], queryParameters=[])
2021-03-13 18:15:25,010 [Thread-0] DEBUG software.amazon.awssdk.auth.signer.Aws4Signer - AWS4 String to sign: AWS4-HMAC-SHA256
20210314T011525Z
20210314/us-east-1/s3/aws4_request
47f2b2e84c20ab40f06545e7b7ac4c544e6c96d43599a301afef5c270f60deda
2021-03-13 18:15:25,167 [Thread-0] DEBUG software.amazon.awssdk.request - Received successful response: 200
2021-03-13 18:15:25,169 [Thread-0] INFO edu.usu.cs5260.producer.RequestGenerator - Generate a Create request
2021-03-13 18:15:25,172 [Thread-0] DEBUG software.amazon.awssdk.core.interceptor.ExecutionInterceptorChain - Creating an interceptor chain that will apply interceptors in the following order: [software.amazon.awssdk.core.internal.interceptor.HttpChecksumRequiredInterceptor@5de09da7, software.amazon.awssdk.awscore.interceptor.HelpfulUnknownHostExceptionInterceptor@8bfdac5, software.amazon.awssdk.services.s3.internal.handlers.EnableChunkedEncodingInterceptor@296f05e1, software.amazon.awssdk.services.s3.internal.handlers.DisableDoubleUrlEncodingInterceptor@210f4087, software.amazon.awssdk.services.s3.internal.handlers.EnableTrailingChecksumInterceptor@785beca4, software.amazon.awssdk.services.s3.internal.handlers.CreateMultipartUploadRequestInterceptor@ec47898, software.amazon.awssdk.services.s3.internal.handlers.GetObjectInterceptor@5f5524ac, software.amazon.awssdk.services.s3.internal.handlers.AsyncChecksumValidationInterceptor@4055cb9, software.amazon.awssdk.services.s3.internal.handlers.EndpointAddressInterceptor@239cae51, software.amazon.awssdk.services.s3.internal.handlers.ExceptionTranslationInterceptor@e310202, software.amazon.awssdk.services.s3.internal.handlers.GetBucketPolicyInterceptor@78b7372c, software.amazon.awssdk.services.s3.internal.handlers.PutObjectInterceptor@56795c17, software.amazon.awssdk.services.s3.internal.handlers.SyncChecksumValidationInterceptor@10d18eaf, software.amazon.awssdk.services.s3.internal.handlers.DecodeUrlEncodedResponseInterceptor@1676afa5, software.amazon.awssdk.services.s3.internal.handlers.CreateBucketInterceptor@5739f410]
2021-03-13 18:15:25,174 [Thread-0] DEBUG software.amazon.awssdk.core.interceptor.ExecutionInterceptorChain - Interceptor 'software.amazon.awssdk.services.s3.internal.handlers.EndpointAddressInterceptor@239cae51' modified the message with its modifyHttpRequest method.
2021-03-13 18:15:25,174 [Thread-0] DEBUG software.amazon.awssdk.core.interceptor.ExecutionInterceptorChain - Interceptor 'software.amazon.awssdk.services.s3.internal.handlers.PutObjectInterceptor@56795c17' modified the message with its modifyHttpRequest method.
2021-03-13 18:15:25,175 [Thread-0] DEBUG software.amazon.awssdk.request - Sending Request: DefaultSdkHttpFullRequest(httpMethod=PUT, protocol=https, host=usu-cs5260-dax-requests.s3.amazonaws.com, port=443, encodedPath=/1615684525170, headers=[amz-sdk-invocation-id, Content-Length, Content-Type, Expect, User-Agent], queryParameters=[])
2021-03-13 18:15:25,177 [Thread-0] DEBUG software.amazon.awssdk.auth.signer.Aws4Signer - AWS4 String to sign: AWS4-HMAC-SHA256
20210314T011525Z
20210314/us-east-1/s3/aws4_request
8a8e0847b842051c686455fa85da107292ae210f0235dff609181616a8143c06
2021-03-13 18:15:25,331 [Thread-0] DEBUG software.amazon.awssdk.request - Received successful response: 200
2021-03-13 18:15:25,332 [Thread-0] INFO edu.usu.cs5260.producer.RequestGenerator - Generate a Create request
2021-03-13 18:15:25,333 [Thread-0] DEBUG software.amazon.awssdk.core.interceptor.ExecutionInterceptorChain - Creating an interceptor chain that will apply interceptors in the following order: [software.amazon.awssdk.core.internal.interceptor.HttpChecksumRequiredInterceptor@5de09da7, software.amazon.awssdk.awscore.interceptor.HelpfulUnknownHostExceptionInterceptor@8bfdac5, software.amazon.awssdk.services.s3.internal.handlers.EnableChunkedEncodingInterceptor@296f05e1, software.amazon.awssdk.services.s3.internal.handlers.DisableDoubleUrlEncodingInterceptor@210f4087, software.amazon.awssdk.services.s3.internal.handlers.EnableTrailingChecksumInterceptor@785beca4, software.amazon.awssdk.services.s3.internal.handlers.CreateMultipartUploadRequestInterceptor@ec47898, software.amazon.awssdk.services.s3.internal.handlers.GetObjectInterceptor@5f5524ac, software.amazon.awssdk.services.s3.internal.handlers.AsyncChecksumValidationInterceptor@4055cb9, software.amazon.awssdk.services.s3.internal.handlers.EndpointAddressInterceptor@239cae51, software.amazon.awssdk.services.s3.internal.handlers.ExceptionTranslationInterceptor@e310202, software.amazon.awssdk.services.s3.internal.handlers.GetBucketPolicyInterceptor@78b7372c, software.amazon.awssdk.services.s3.internal.handlers.PutObjectInterceptor@56795c17, software.amazon.awssdk.services.s3.internal.handlers.SyncChecksumValidationInterceptor@10d18eaf, software.amazon.awssdk.services.s3.internal.handlers.DecodeUrlEncodedResponseInterceptor@1676afa5, software.amazon.awssdk.services.s3.internal.handlers.CreateBucketInterceptor@5739f410]
2021-03-13 18:15:25,335 [Thread-0] DEBUG software.amazon.awssdk.core.interceptor.ExecutionInterceptorChain - Interceptor 'software.amazon.awssdk.services.s3.internal.handlers.EndpointAddressInterceptor@239cae51' modified the message with its modifyHttpRequest method.
2021-03-13 18:15:25,335 [Thread-0] DEBUG software.amazon.awssdk.core.interceptor.ExecutionInterceptorChain - Interceptor 'software.amazon.awssdk.services.s3.internal.handlers.PutObjectInterceptor@56795c17' modified the message with its modifyHttpRequest method.
2021-03-13 18:15:25,336 [Thread-0] DEBUG software.amazon.awssdk.request - Sending Request: DefaultSdkHttpFullRequest(httpMethod=PUT, protocol=https, host=usu-cs5260-dax-requests.s3.amazonaws.com, port=443, encodedPath=/1615684525333, headers=[amz-sdk-invocation-id, Content-Length, Content-Type, Expect, User-Agent], queryParameters=[])
2021-03-13 18:15:25,337 [Thread-0] DEBUG software.amazon.awssdk.auth.signer.Aws4Signer - AWS4 String to sign: AWS4-HMAC-SHA256
20210314T011525Z
20210314/us-east-1/s3/aws4_request
56f47e0fc7e8f9b71ec3bbc6cefa1c14366c8a71566e8d04e7a4e0d0cc552932
2021-03-13 18:15:25,492 [Thread-0] DEBUG software.amazon.awssdk.request - Received successful response: 200
2021-03-13 18:15:25,492 [Thread-0] INFO edu.usu.cs5260.producer.RequestGenerator - Generate a Create request
2021-03-13 18:15:25,494 [Thread-0] DEBUG software.amazon.awssdk.core.interceptor.ExecutionInterceptorChain - Creating an interceptor chain that will apply interceptors in the following order: [software.amazon.awssdk.core.internal.interceptor.HttpChecksumRequiredInterceptor@5de09da7, software.amazon.awssdk.awscore.interceptor.HelpfulUnknownHostExceptionInterceptor@8bfdac5, software.amazon.awssdk.services.s3.internal.handlers.EnableChunkedEncodingInterceptor@296f05e1, software.amazon.awssdk.services.s3.internal.handlers.DisableDoubleUrlEncodingInterceptor@210f4087, software.amazon.awssdk.services.s3.internal.handlers.EnableTrailingChecksumInterceptor@785beca4, software.amazon.awssdk.services.s3.internal.handlers.CreateMultipartUploadRequestInterceptor@ec47898, software.amazon.awssdk.services.s3.internal.handlers.GetObjectInterceptor@5f5524ac, software.amazon.awssdk.services.s3.internal.handlers.AsyncChecksumValidationInterceptor@4055cb9, software.amazon.awssdk.services.s3.internal.handlers.EndpointAddressInterceptor@239cae51, software.amazon.awssdk.services.s3.internal.handlers.ExceptionTranslationInterceptor@e310202, software.amazon.awssdk.services.s3.internal.handlers.GetBucketPolicyInterceptor@78b7372c, software.amazon.awssdk.services.s3.internal.handlers.PutObjectInterceptor@56795c17, software.amazon.awssdk.services.s3.internal.handlers.SyncChecksumValidationInterceptor@10d18eaf, software.amazon.awssdk.services.s3.internal.handlers.DecodeUrlEncodedResponseInterceptor@1676afa5, software.amazon.awssdk.services.s3.internal.handlers.CreateBucketInterceptor@5739f410]
2021-03-13 18:15:25,495 [Thread-0] DEBUG software.amazon.awssdk.core.interceptor.ExecutionInterceptorChain - Interceptor 'software.amazon.awssdk.services.s3.internal.handlers.EndpointAddressInterceptor@239cae51' modified the message with its modifyHttpRequest method.
2021-03-13 18:15:25,495 [Thread-0] DEBUG software.amazon.awssdk.core.interceptor.ExecutionInterceptorChain - Interceptor 'software.amazon.awssdk.services.s3.internal.handlers.PutObjectInterceptor@56795c17' modified the message with its modifyHttpRequest method.
2021-03-13 18:15:25,496 [Thread-0] DEBUG software.amazon.awssdk.request - Sending Request: DefaultSdkHttpFullRequest(httpMethod=PUT, protocol=https, host=usu-cs5260-dax-requests.s3.amazonaws.com, port=443, encodedPath=/1615684525493, headers=[amz-sdk-invocation-id, Content-Length, Content-Type, Expect, User-Agent], queryParameters=[])
2021-03-13 18:15:25,497 [Thread-0] DEBUG software.amazon.awssdk.auth.signer.Aws4Signer - AWS4 String to sign: AWS4-HMAC-SHA256
20210314T011525Z
20210314/us-east-1/s3/aws4_request
935a00ac689ac60bfcdddabbf06143d218091696ac2b840618f1bcfbe5e28b0d
2021-03-13 18:15:25,654 [Thread-0] DEBUG software.amazon.awssdk.request - Received successful response: 200
2021-03-13 18:15:25,655 [Thread-0] INFO edu.usu.cs5260.producer.RequestGenerator - Generate a Create request
2021-03-13 18:15:25,657 [Thread-0] DEBUG software.amazon.awssdk.core.interceptor.ExecutionInterceptorChain - Creating an interceptor chain that will apply interceptors in the following order: [software.amazon.awssdk.core.internal.interceptor.HttpChecksumRequiredInterceptor@5de09da7, software.amazon.awssdk.awscore.interceptor.HelpfulUnknownHostExceptionInterceptor@8bfdac5, software.amazon.awssdk.services.s3.internal.handlers.EnableChunkedEncodingInterceptor@296f05e1, software.amazon.awssdk.services.s3.internal.handlers.DisableDoubleUrlEncodingInterceptor@210f4087, software.amazon.awssdk.services.s3.internal.handlers.EnableTrailingChecksumInterceptor@785beca4, software.amazon.awssdk.services.s3.internal.handlers.CreateMultipartUploadRequestInterceptor@ec47898, software.amazon.awssdk.services.s3.internal.handlers.GetObjectInterceptor@5f5524ac, software.amazon.awssdk.services.s3.internal.handlers.AsyncChecksumValidationInterceptor@4055cb9, software.amazon.awssdk.services.s3.internal.handlers.EndpointAddressInterceptor@239cae51, software.amazon.awssdk.services.s3.internal.handlers.ExceptionTranslationInterceptor@e310202, software.amazon.awssdk.services.s3.internal.handlers.GetBucketPolicyInterceptor@78b7372c, software.amazon.awssdk.services.s3.internal.handlers.PutObjectInterceptor@56795c17, software.amazon.awssdk.services.s3.internal.handlers.SyncChecksumValidationInterceptor@10d18eaf, software.amazon.awssdk.services.s3.internal.handlers.DecodeUrlEncodedResponseInterceptor@1676afa5, software.amazon.awssdk.services.s3.internal.handlers.CreateBucketInterceptor@5739f410]
2021-03-13 18:15:25,660 [Thread-0] DEBUG software.amazon.awssdk.core.interceptor.ExecutionInterceptorChain - Interceptor 'software.amazon.awssdk.services.s3.internal.handlers.EndpointAddressInterceptor@239cae51' modified the message with its modifyHttpRequest method.
2021-03-13 18:15:25,660 [Thread-0] DEBUG software.amazon.awssdk.core.interceptor.ExecutionInterceptorChain - Interceptor 'software.amazon.awssdk.services.s3.internal.handlers.PutObjectInterceptor@56795c17' modified the message with its modifyHttpRequest method.
2021-03-13 18:15:25,661 [Thread-0] DEBUG software.amazon.awssdk.request - Sending Request: DefaultSdkHttpFullRequest(httpMethod=PUT, protocol=https, host=usu-cs5260-dax-requests.s3.amazonaws.com, port=443, encodedPath=/1615684525656, headers=[amz-sdk-invocation-id, Content-Length, Content-Type, Expect, User-Agent], queryParameters=[])
2021-03-13 18:15:25,662 [Thread-0] DEBUG software.amazon.awssdk.auth.signer.Aws4Signer - AWS4 String to sign: AWS4-HMAC-SHA256
20210314T011525Z
20210314/us-east-1/s3/aws4_request
ec3cc3eb3132ff6f08bca7b126f61c3f8cdfde681a1566140a713297687a7219
2021-03-13 18:15:25,884 [Thread-0] DEBUG software.amazon.awssdk.request - Received successful response: 200
2021-03-13 18:15:25,886 [Thread-0] INFO edu.usu.cs5260.producer.RequestGenerator - Generate a Create request
2021-03-13 18:15:25,889 [Thread-0] DEBUG software.amazon.awssdk.core.interceptor.ExecutionInterceptorChain - Creating an interceptor chain that will apply interceptors in the following order: [software.amazon.awssdk.core.internal.interceptor.HttpChecksumRequiredInterceptor@5de09da7, software.amazon.awssdk.awscore.interceptor.HelpfulUnknownHostExceptionInterceptor@8bfdac5, software.amazon.awssdk.services.s3.internal.handlers.EnableChunkedEncodingInterceptor@296f05e1, software.amazon.awssdk.services.s3.internal.handlers.DisableDoubleUrlEncodingInterceptor@210f4087, software.amazon.awssdk.services.s3.internal.handlers.EnableTrailingChecksumInterceptor@785beca4, software.amazon.awssdk.services.s3.internal.handlers.CreateMultipartUploadRequestInterceptor@ec47898, software.amazon.awssdk.services.s3.internal.handlers.GetObjectInterceptor@5f5524ac, software.amazon.awssdk.services.s3.internal.handlers.AsyncChecksumValidationInterceptor@4055cb9, software.amazon.awssdk.services.s3.internal.handlers.EndpointAddressInterceptor@239cae51, software.amazon.awssdk.services.s3.internal.handlers.ExceptionTranslationInterceptor@e310202, software.amazon.awssdk.services.s3.internal.handlers.GetBucketPolicyInterceptor@78b7372c, software.amazon.awssdk.services.s3.internal.handlers.PutObjectInterceptor@56795c17, software.amazon.awssdk.services.s3.internal.handlers.SyncChecksumValidationInterceptor@10d18eaf, software.amazon.awssdk.services.s3.internal.handlers.DecodeUrlEncodedResponseInterceptor@1676afa5, software.amazon.awssdk.services.s3.internal.handlers.CreateBucketInterceptor@5739f410]
2021-03-13 18:15:25,891 [Thread-0] DEBUG software.amazon.awssdk.core.interceptor.ExecutionInterceptorChain - Interceptor 'software.amazon.awssdk.services.s3.internal.handlers.EndpointAddressInterceptor@239cae51' modified the message with its modifyHttpRequest method.
2021-03-13 18:15:25,892 [Thread-0] DEBUG software.amazon.awssdk.core.interceptor.ExecutionInterceptorChain - Interceptor 'software.amazon.awssdk.services.s3.internal.handlers.PutObjectInterceptor@56795c17' modified the message with its modifyHttpRequest method.
2021-03-13 18:15:25,893 [Thread-0] DEBUG software.amazon.awssdk.request - Sending Request: DefaultSdkHttpFullRequest(httpMethod=PUT, protocol=https, host=usu-cs5260-dax-requests.s3.amazonaws.com, port=443, encodedPath=/1615684525887, headers=[amz-sdk-invocation-id, Content-Length, Content-Type, Expect, User-Agent], queryParameters=[])
2021-03-13 18:15:25,894 [Thread-0] DEBUG software.amazon.awssdk.auth.signer.Aws4Signer - AWS4 String to sign: AWS4-HMAC-SHA256
20210314T011525Z
20210314/us-east-1/s3/aws4_request
8a24056abf9c301a22efddc7c299ae3d36be25388eacf15c7254c10b09c879a5
2021-03-13 18:15:26,051 [Thread-0] DEBUG software.amazon.awssdk.request - Received successful response: 200
2021-03-13 18:15:26,054 [Thread-0] INFO edu.usu.cs5260.producer.RequestGenerator - Generate an Update request
2021-03-13 18:15:26,060 [Thread-0] DEBUG software.amazon.awssdk.core.interceptor.ExecutionInterceptorChain - Creating an interceptor chain that will apply interceptors in the following order: [software.amazon.awssdk.core.internal.interceptor.HttpChecksumRequiredInterceptor@5de09da7, software.amazon.awssdk.awscore.interceptor.HelpfulUnknownHostExceptionInterceptor@8bfdac5, software.amazon.awssdk.services.s3.internal.handlers.EnableChunkedEncodingInterceptor@296f05e1, software.amazon.awssdk.services.s3.internal.handlers.DisableDoubleUrlEncodingInterceptor@210f4087, software.amazon.awssdk.services.s3.internal.handlers.EnableTrailingChecksumInterceptor@785beca4, software.amazon.awssdk.services.s3.internal.handlers.CreateMultipartUploadRequestInterceptor@ec47898, software.amazon.awssdk.services.s3.internal.handlers.GetObjectInterceptor@5f5524ac, software.amazon.awssdk.services.s3.internal.handlers.AsyncChecksumValidationInterceptor@4055cb9, software.amazon.awssdk.services.s3.internal.handlers.EndpointAddressInterceptor@239cae51, software.amazon.awssdk.services.s3.internal.handlers.ExceptionTranslationInterceptor@e310202, software.amazon.awssdk.services.s3.internal.handlers.GetBucketPolicyInterceptor@78b7372c, software.amazon.awssdk.services.s3.internal.handlers.PutObjectInterceptor@56795c17, software.amazon.awssdk.services.s3.internal.handlers.SyncChecksumValidationInterceptor@10d18eaf, software.amazon.awssdk.services.s3.internal.handlers.DecodeUrlEncodedResponseInterceptor@1676afa5, software.amazon.awssdk.services.s3.internal.handlers.CreateBucketInterceptor@5739f410]
2021-03-13 18:15:26,061 [Thread-0] DEBUG software.amazon.awssdk.core.interceptor.ExecutionInterceptorChain - Interceptor 'software.amazon.awssdk.services.s3.internal.handlers.EndpointAddressInterceptor@239cae51' modified the message with its modifyHttpRequest method.
2021-03-13 18:15:26,061 [Thread-0] DEBUG software.amazon.awssdk.core.interceptor.ExecutionInterceptorChain - Interceptor 'software.amazon.awssdk.services.s3.internal.handlers.PutObjectInterceptor@56795c17' modified the message with its modifyHttpRequest method.
2021-03-13 18:15:26,062 [Thread-0] DEBUG software.amazon.awssdk.request - Sending Request: DefaultSdkHttpFullRequest(httpMethod=PUT, protocol=https, host=usu-cs5260-dax-requests.s3.amazonaws.com, port=443, encodedPath=/1615684526056, headers=[amz-sdk-invocation-id, Content-Length, Content-Type, Expect, User-Agent], queryParameters=[])
2021-03-13 18:15:26,063 [Thread-0] DEBUG software.amazon.awssdk.auth.signer.Aws4Signer - AWS4 String to sign: AWS4-HMAC-SHA256
20210314T011526Z
20210314/us-east-1/s3/aws4_request
93319b363b9384f5196c0026e619ef38257166a11af3b62a838bc9023924bfcc
2021-03-13 18:15:26,226 [Thread-0] DEBUG software.amazon.awssdk.request - Received successful response: 200
2021-03-13 18:15:26,327 [Thread-0] INFO edu.usu.cs5260.producer.RequestGenerator - Generate an Update request
2021-03-13 18:15:26,328 [Thread-0] DEBUG software.amazon.awssdk.core.interceptor.ExecutionInterceptorChain - Creating an interceptor chain that will apply interceptors in the following order: [software.amazon.awssdk.core.internal.interceptor.HttpChecksumRequiredInterceptor@5de09da7, software.amazon.awssdk.awscore.interceptor.HelpfulUnknownHostExceptionInterceptor@8bfdac5, software.amazon.awssdk.services.s3.internal.handlers.EnableChunkedEncodingInterceptor@296f05e1, software.amazon.awssdk.services.s3.internal.handlers.DisableDoubleUrlEncodingInterceptor@210f4087, software.amazon.awssdk.services.s3.internal.handlers.EnableTrailingChecksumInterceptor@785beca4, software.amazon.awssdk.services.s3.internal.handlers.CreateMultipartUploadRequestInterceptor@ec47898, software.amazon.awssdk.services.s3.internal.handlers.GetObjectInterceptor@5f5524ac, software.amazon.awssdk.services.s3.internal.handlers.AsyncChecksumValidationInterceptor@4055cb9, software.amazon.awssdk.services.s3.internal.handlers.EndpointAddressInterceptor@239cae51, software.amazon.awssdk.services.s3.internal.handlers.ExceptionTranslationInterceptor@e310202, software.amazon.awssdk.services.s3.internal.handlers.GetBucketPolicyInterceptor@78b7372c, software.amazon.awssdk.services.s3.internal.handlers.PutObjectInterceptor@56795c17, software.amazon.awssdk.services.s3.internal.handlers.SyncChecksumValidationInterceptor@10d18eaf, software.amazon.awssdk.services.s3.internal.handlers.DecodeUrlEncodedResponseInterceptor@1676afa5, software.amazon.awssdk.services.s3.internal.handlers.CreateBucketInterceptor@5739f410]
2021-03-13 18:15:26,329 [Thread-0] DEBUG software.amazon.awssdk.core.interceptor.ExecutionInterceptorChain - Interceptor 'software.amazon.awssdk.services.s3.internal.handlers.EndpointAddressInterceptor@239cae51' modified the message with its modifyHttpRequest method.
2021-03-13 18:15:26,329 [Thread-0] DEBUG software.amazon.awssdk.core.interceptor.ExecutionInterceptorChain - Interceptor 'software.amazon.awssdk.services.s3.internal.handlers.PutObjectInterceptor@56795c17' modified the message with its modifyHttpRequest method.
2021-03-13 18:15:26,330 [Thread-0] DEBUG software.amazon.awssdk.request - Sending Request: DefaultSdkHttpFullRequest(httpMethod=PUT, protocol=https, host=usu-cs5260-dax-requests.s3.amazonaws.com, port=443, encodedPath=/1615684526327, headers=[amz-sdk-invocation-id, Content-Length, Content-Type, Expect, User-Agent], queryParameters=[])
2021-03-13 18:15:26,331 [Thread-0] DEBUG software.amazon.awssdk.auth.signer.Aws4Signer - AWS4 String to sign: AWS4-HMAC-SHA256
20210314T011526Z
20210314/us-east-1/s3/aws4_request
c2a4172640ea673eed3a064ff385865f05c6d928cc427ac30c9d720aaf957d6d
